Using pre-set license
Built from '2021.1/staging' branch; Version is '2021.1.22f1 (a137e5fb0427) revision 10565605'; Using compiler version '192528614'; Build Type 'Release'
OS: 'Windows 10 Pro; OS build 22000.493; Version 2009; 64bit' Language: 'es' Physical Memory: 16311 MB
BatchMode: 1, IsHumanControllingUs: 0, StartBugReporterOnCrash: 0, Is64bit: 1, IsPro: 0

COMMAND LINE ARGUMENTS:
F:\Unity\Unity\2021.1.22f1\Editor\Unity.exe
-adb2
-batchMode
-noUpm
-name
AssetImportWorker0
-projectPath
U:/Github/LevelDesignBlockOut/LevelDesignBlockout
-logFile
Logs/AssetImportWorker0.log
-srvPort
54515
Successfully changed project path to: U:/Github/LevelDesignBlockOut/LevelDesignBlockout
U:/Github/LevelDesignBlockOut/LevelDesignBlockout
Using Asset Import Pipeline V2.
Refreshing native plugins compatible for Editor in 79.76 ms, found 3 plugins.
Preloading 0 native plugins for Editor in 0.00 ms.
Initialize engine version: 2021.1.22f1 (a137e5fb0427)
[Subsystems] Discovering subsystems at path F:/Unity/Unity/2021.1.22f1/Editor/Data/Resources/UnitySubsystems
[Subsystems] Discovering subsystems at path U:/Github/LevelDesignBlockOut/LevelDesignBlockout/Assets
GfxDevice: creating device client; threaded=0; jobified=0
Direct3D:
    Version:  Direct3D 11.0 [level 11.1]
    Renderer: NVIDIA GeForce RTX 2070 SUPER (ID=0x1e84)
    Vendor:   NVIDIA
    VRAM:     8012 MB
    Driver:   30.0.15.1179
Initialize mono
Mono path[0] = 'F:/Unity/Unity/2021.1.22f1/Editor/Data/Managed'
Mono path[1] = 'F:/Unity/Unity/2021.1.22f1/Editor/Data/MonoBleedingEdge/lib/mono/unityjit'
Mono config path = 'F:/Unity/Unity/2021.1.22f1/Editor/Data/MonoBleedingEdge/etc'
Using monoOptions --debugger-agent=transport=dt_socket,embedding=1,server=y,suspend=n,address=127.0.0.1:56432
Begin MonoManager ReloadAssembly
Registering precompiled unity dll's ...
Register platform support module: F:/Unity/Unity/2021.1.22f1/Editor/Data/PlaybackEngines/WindowsStandaloneSupport/UnityEditor.WindowsStandalone.Extensions.dll
Registered in 0.000901 seconds.
Native extension for WindowsStandalone target not found
Refreshing native plugins compatible for Editor in 83.37 ms, found 3 plugins.
Preloading 0 native plugins for Editor in 0.00 ms.
Mono: successfully reloaded assembly
- Completed reload, in  2.364 seconds
Domain Reload Profiling:
	ReloadAssembly (2364ms)
		BeginReloadAssembly (67ms)
			ExecutionOrderSort (0ms)
			DisableScriptedObjects (0ms)
			BackupInstance (0ms)
			ReleaseScriptingObjects (0ms)
			CreateAndSetChildDomain (1ms)
		EndReloadAssembly (470ms)
			LoadAssemblies (67ms)
			RebuildTransferFunctionScriptingTraits (0ms)
			SetupTypeCache (170ms)
			ReleaseScriptCaches (0ms)
			RebuildScriptCaches (31ms)
			SetupLoadedEditorAssemblies (227ms)
				LogAssemblyErrors (0ms)
				InitializePlatformSupportModulesInManaged (5ms)
				SetLoadedEditorAssemblies (0ms)
				RefreshPlugins (83ms)
				BeforeProcessingInitializeOnLoad (1ms)
				ProcessInitializeOnLoadAttributes (103ms)
				ProcessInitializeOnLoadMethodAttributes (33ms)
				AfterProcessingInitializeOnLoad (0ms)
				EditorAssembliesLoaded (0ms)
			ExecutionOrderSort2 (0ms)
			AwakeInstancesAfterBackupRestoration (0ms)
Platform modules already initialized, skipping
Registering precompiled user dll's ...
Registered in 0.003868 seconds.
Begin MonoManager ReloadAssembly
Symbol file LoadedFromMemory doesn't match image U:\Github\LevelDesignBlockOut\LevelDesignBlockout\Library\PackageCache\com.unity.visualscripting@1.6.1\Editor\VisualScripting.Core\Dependencies\YamlDotNet\Unity.VisualScripting.YamlDotNet.dll
Symbol file LoadedFromMemory doesn't match image U:\Github\LevelDesignBlockOut\LevelDesignBlockout\Library\PackageCache\com.unity.visualscripting@1.6.1\Editor\VisualScripting.Core\Dependencies\DotNetZip\Unity.VisualScripting.IonicZip.dll
Native extension for WindowsStandalone target not found
Refreshing native plugins compatible for Editor in 0.69 ms, found 3 plugins.
Preloading 0 native plugins for Editor in 0.00 ms.
Mono: successfully reloaded assembly
- Completed reload, in  1.083 seconds
Domain Reload Profiling:
	ReloadAssembly (1083ms)
		BeginReloadAssembly (161ms)
			ExecutionOrderSort (0ms)
			DisableScriptedObjects (4ms)
			BackupInstance (0ms)
			ReleaseScriptingObjects (0ms)
			CreateAndSetChildDomain (19ms)
		EndReloadAssembly (868ms)
			LoadAssemblies (109ms)
			RebuildTransferFunctionScriptingTraits (0ms)
			SetupTypeCache (334ms)
			ReleaseScriptCaches (1ms)
			RebuildScriptCaches (49ms)
			SetupLoadedEditorAssemblies (305ms)
				LogAssemblyErrors (0ms)
				InitializePlatformSupportModulesInManaged (4ms)
				SetLoadedEditorAssemblies (0ms)
				RefreshPlugins (1ms)
				BeforeProcessingInitializeOnLoad (63ms)
				ProcessInitializeOnLoadAttributes (230ms)
				ProcessInitializeOnLoadMethodAttributes (5ms)
				AfterProcessingInitializeOnLoad (2ms)
				EditorAssembliesLoaded (0ms)
			ExecutionOrderSort2 (0ms)
			AwakeInstancesAfterBackupRestoration (7ms)
Platform modules already initialized, skipping
========================================================================
Worker process is ready to serve import requests
Launched and connected shader compiler UnityShaderCompiler.exe after 0.06 seconds
Refreshing native plugins compatible for Editor in 0.67 ms, found 3 plugins.
Preloading 0 native plugins for Editor in 0.00 ms.
Unloading 3338 Unused Serialized files (Serialized files now loaded: 0)
System memory in use before: 123.9 MB.
System memory in use after: 124.1 MB.

Unloading 21 unused Assets to reduce memory usage. Loaded Objects now: 3786.
Total: 3.811900 ms (FindLiveObjects: 0.275600 ms CreateObjectMapping: 0.166000 ms MarkObjects: 3.263900 ms  DeleteObjects: 0.104400 ms)

AssetImportParameters requested are different than current active one (requested -> active):
  custom:framework-win-MediaFoundation: 216162199b28c13a410421893ffa2e32 -> 
  custom:video-decoder-ogg-theora: a1e56fd34408186e4bbccfd4996cb3dc -> 
  custom:container-muxer-webm: aa71ff27fc2769a1b78a27578f13a17b -> 
  custom:container-demuxer-webm: 4f35f7cbe854078d1ac9338744f61a02 -> 
  custom:container-demuxer-ogg: 62fdf1f143b41e24485cea50d1cbac27 -> 
  custom:video-encoder-webm-vp8: eb34c28f22e8b96e1ab97ce403110664 -> 
  custom:video-decoder-webm-vp8: 9c59270c3fd7afecdb556c50c9e8de78 -> 
  custom:audio-decoder-ogg-vorbis: bf7c407c2cedff20999df2af8eb42d56 -> 
  custom:audio-encoder-webm-vorbis: bf7c407c2cedff20999df2af8eb42d56 -> 
========================================================================
Received Import Request.
  path: Assets/ModularFirstPersonController/DemoScene/Gridbox Prototype Materials/Resources/Materials/Prototype Grid/Prototype_512x512_Blue3.mat
  artifactKey: Guid(b0b4de3bd6e976e4f8b3adc6e72377ed) Importer(2089858483,934ff659095e30574adcf32a4c2f97b5)
Start importing Assets/ModularFirstPersonController/DemoScene/Gridbox Prototype Materials/Resources/Materials/Prototype Grid/Prototype_512x512_Blue3.mat using Guid(b0b4de3bd6e976e4f8b3adc6e72377ed) Importer(2089858483,934ff659095e30574adcf32a4c2f97b5)  -> (artifact id: '01e4699d88c932e8601c7e201c2af10d') in 0.084018 seconds 
========================================================================
Received Import Request.
  Time since last request: 0.000250 seconds.
  path: Assets/ModularFirstPersonController/DemoScene/Gridbox Prototype Materials/Resources/Materials/Prototype Grid/Prototype_512x512_Cyan.mat
  artifactKey: Guid(cba66c276aed0874091de1c33eb3950d) Importer(2089858483,934ff659095e30574adcf32a4c2f97b5)
Start importing Assets/ModularFirstPersonController/DemoScene/Gridbox Prototype Materials/Resources/Materials/Prototype Grid/Prototype_512x512_Cyan.mat using Guid(cba66c276aed0874091de1c33eb3950d) Importer(2089858483,934ff659095e30574adcf32a4c2f97b5)  -> (artifact id: '9dfdf1a81c37b3cdce9a4d1e6556ff54') in 0.011518 seconds 
========================================================================
Received Import Request.
  Time since last request: 0.000289 seconds.
  path: Assets/ModularFirstPersonController/DemoScene/Gridbox Prototype Materials/Resources/Textures/Prototype Grid/prototype_512x512_blue1.png
  artifactKey: Guid(44cced520ecfd9f4292979a4fe8268c4) Importer(2089858483,934ff659095e30574adcf32a4c2f97b5)
Start importing Assets/ModularFirstPersonController/DemoScene/Gridbox Prototype Materials/Resources/Textures/Prototype Grid/prototype_512x512_blue1.png using Guid(44cced520ecfd9f4292979a4fe8268c4) Importer(2089858483,934ff659095e30574adcf32a4c2f97b5)  -> (artifact id: '7721e2b5402e92ad3c9df72f22ace5df') in 0.015165 seconds 
========================================================================
Received Import Request.
  Time since last request: 0.000315 seconds.
  path: Assets/ModularFirstPersonController/DemoScene/Gridbox Prototype Materials/Resources/Textures/Prototype Grid/prototype_512x512_blue2.png
  artifactKey: Guid(17198718c5735204999fb13dc36e290f) Importer(2089858483,934ff659095e30574adcf32a4c2f97b5)
Start importing Assets/ModularFirstPersonController/DemoScene/Gridbox Prototype Materials/Resources/Textures/Prototype Grid/prototype_512x512_blue2.png using Guid(17198718c5735204999fb13dc36e290f) Importer(2089858483,934ff659095e30574adcf32a4c2f97b5)  -> (artifact id: 'afd8438d3bd8f19030ca6f19529697b9') in 0.011187 seconds 
========================================================================
Received Import Request.
  Time since last request: 0.000271 seconds.
  path: Assets/ModularFirstPersonController/DemoScene/Gridbox Prototype Materials/Resources/Textures/Prototype Grid/prototype_512x512_purple.png
  artifactKey: Guid(aa0c741df9dd8634c8d84fd9ba2b0e3d) Importer(2089858483,934ff659095e30574adcf32a4c2f97b5)
Start importing Assets/ModularFirstPersonController/DemoScene/Gridbox Prototype Materials/Resources/Textures/Prototype Grid/prototype_512x512_purple.png using Guid(aa0c741df9dd8634c8d84fd9ba2b0e3d) Importer(2089858483,934ff659095e30574adcf32a4c2f97b5)  -> (artifact id: '0e03677990792bd690a19f0f4eed3be8') in 0.008889 seconds 
========================================================================
Received Import Request.
  Time since last request: 0.000237 seconds.
  path: Assets/ModularFirstPersonController/DemoScene/Demo.unity
  artifactKey: Guid(0473be7141e424441bf2d17da7e20a8b) Importer(2089858483,934ff659095e30574adcf32a4c2f97b5)
Start importing Assets/ModularFirstPersonController/DemoScene/Demo.unity using Guid(0473be7141e424441bf2d17da7e20a8b) Importer(2089858483,934ff659095e30574adcf32a4c2f97b5)  -> (artifact id: 'bb6a3a8e13cf98821b0cf4f67ef093ce') in 0.011197 seconds 
========================================================================
Received Import Request.
  Time since last request: 0.000269 seconds.
  path: Assets/ModularFirstPersonController/DemoScene/Gridbox Prototype Materials/Resources/Textures/Prototype Grid/prototype_512x512_red.png
  artifactKey: Guid(3d6064e2e1cd7214e9f67f3a68f494fb) Importer(2089858483,934ff659095e30574adcf32a4c2f97b5)
Start importing Assets/ModularFirstPersonController/DemoScene/Gridbox Prototype Materials/Resources/Textures/Prototype Grid/prototype_512x512_red.png using Guid(3d6064e2e1cd7214e9f67f3a68f494fb) Importer(2089858483,934ff659095e30574adcf32a4c2f97b5)  -> (artifact id: '1c01a875c1b5c35f0e13151a13a18a69') in 0.010566 seconds 
========================================================================
Received Import Request.
  Time since last request: 0.000264 seconds.
  path: Assets/ModularFirstPersonController/DemoScene/Gridbox Prototype Materials/Resources/Materials/Prototype Grid/Prototype_512x512_Red.mat
  artifactKey: Guid(5a26de236ce89e94b963be8fa2b7ade6) Importer(2089858483,934ff659095e30574adcf32a4c2f97b5)
Start importing Assets/ModularFirstPersonController/DemoScene/Gridbox Prototype Materials/Resources/Materials/Prototype Grid/Prototype_512x512_Red.mat using Guid(5a26de236ce89e94b963be8fa2b7ade6) Importer(2089858483,934ff659095e30574adcf32a4c2f97b5)  -> (artifact id: 'd6b428d32dfd2ab9566268a2abb4d86e') in 0.010941 seconds 
========================================================================
Received Import Request.
  Time since last request: 0.000240 seconds.
  path: Assets/ModularFirstPersonController/DemoScene/Gridbox Prototype Materials/Resources/Textures/Prototype Grid/prototype_512x512_brown.png
  artifactKey: Guid(3c227d230cca14c42822692b6aff3459) Importer(2089858483,934ff659095e30574adcf32a4c2f97b5)
Start importing Assets/ModularFirstPersonController/DemoScene/Gridbox Prototype Materials/Resources/Textures/Prototype Grid/prototype_512x512_brown.png using Guid(3c227d230cca14c42822692b6aff3459) Importer(2089858483,934ff659095e30574adcf32a4c2f97b5)  -> (artifact id: '1dc2da46284a8b34d6037f2e3141d91b') in 0.009617 seconds 
========================================================================
Received Import Request.
  Time since last request: 0.000247 seconds.
  path: Assets/ModularFirstPersonController/DemoScene/Gridbox Prototype Materials/Resources/Materials/Prototype Grid/Prototype_512x512_Blue2.mat
  artifactKey: Guid(5e148de6cdf2d164aa3e3f90ce8c852c) Importer(2089858483,934ff659095e30574adcf32a4c2f97b5)
Start importing Assets/ModularFirstPersonController/DemoScene/Gridbox Prototype Materials/Resources/Materials/Prototype Grid/Prototype_512x512_Blue2.mat using Guid(5e148de6cdf2d164aa3e3f90ce8c852c) Importer(2089858483,934ff659095e30574adcf32a4c2f97b5)  -> (artifact id: '14dbf98fe2f8c30f0fee203f7d3c6d9d') in 0.011214 seconds 
========================================================================
Received Import Request.
  Time since last request: 0.000288 seconds.
  path: Assets/ModularFirstPersonController/DemoScene/Gridbox Prototype Materials/Resources/Textures/Prototype Grid/prototype_512x512_cyan.png
  artifactKey: Guid(6c35396cb8128474a8a73c6b19f2fe1f) Importer(2089858483,934ff659095e30574adcf32a4c2f97b5)
Start importing Assets/ModularFirstPersonController/DemoScene/Gridbox Prototype Materials/Resources/Textures/Prototype Grid/prototype_512x512_cyan.png using Guid(6c35396cb8128474a8a73c6b19f2fe1f) Importer(2089858483,934ff659095e30574adcf32a4c2f97b5)  -> (artifact id: '4b1ac6b99dc3249cb849d65f77c0913d') in 0.009852 seconds 
========================================================================
Received Import Request.
  Time since last request: 0.000212 seconds.
  path: Assets/ModularFirstPersonController/How To Use.pdf
  artifactKey: Guid(167a5ec0045348e4997182aa0e0fcea2) Importer(2089858483,934ff659095e30574adcf32a4c2f97b5)
Start importing Assets/ModularFirstPersonController/How To Use.pdf using Guid(167a5ec0045348e4997182aa0e0fcea2) Importer(2089858483,934ff659095e30574adcf32a4c2f97b5)  -> (artifact id: '970fa162b99eff0aa1f648604a5a5d1e') in 0.012502 seconds 
========================================================================
Received Import Request.
  Time since last request: 0.000194 seconds.
  path: Assets/ModularFirstPersonController/DemoScene/Gridbox Prototype Materials/Resources/Materials/Prototype Grid/Prototype_512x512_Blue1.mat
  artifactKey: Guid(663834164c6a04740aaa1b778249ce7e) Importer(2089858483,934ff659095e30574adcf32a4c2f97b5)
Start importing Assets/ModularFirstPersonController/DemoScene/Gridbox Prototype Materials/Resources/Materials/Prototype Grid/Prototype_512x512_Blue1.mat using Guid(663834164c6a04740aaa1b778249ce7e) Importer(2089858483,934ff659095e30574adcf32a4c2f97b5)  -> (artifact id: '97d7a640183bab392d8bf70c2934a362') in 0.010582 seconds 
========================================================================
Received Import Request.
  Time since last request: 0.000234 seconds.
  path: Assets/ModularFirstPersonController/FirstPersonController/FirstPersonController.prefab
  artifactKey: Guid(6bacecc4f3df9584198879c73a6b6c36) Importer(2089858483,934ff659095e30574adcf32a4c2f97b5)
Start importing Assets/ModularFirstPersonController/FirstPersonController/FirstPersonController.prefab using Guid(6bacecc4f3df9584198879c73a6b6c36) Importer(2089858483,934ff659095e30574adcf32a4c2f97b5)  -> (artifact id: 'd4d8ee28863cf323af804ea2e176f524') in 0.012637 seconds 
========================================================================
Received Import Request.
  Time since last request: 0.000267 seconds.
  path: Assets/ModularFirstPersonController/DemoScene/Gridbox Prototype Materials/Resources/Materials/Prototype Grid/Prototype_512x512_Grey2.mat
  artifactKey: Guid(07dc66ae04b7f6a43b9674bf0fefb33a) Importer(2089858483,934ff659095e30574adcf32a4c2f97b5)
Start importing Assets/ModularFirstPersonController/DemoScene/Gridbox Prototype Materials/Resources/Materials/Prototype Grid/Prototype_512x512_Grey2.mat using Guid(07dc66ae04b7f6a43b9674bf0fefb33a) Importer(2089858483,934ff659095e30574adcf32a4c2f97b5)  -> (artifact id: '43aff35dd8b559be1cb8afa1cdff1da1') in 0.010301 seconds 
========================================================================
Received Import Request.
  Time since last request: 0.000227 seconds.
  path: Assets/ModularFirstPersonController/DemoScene/Gridbox Prototype Materials/Resources/Textures/Prototype Grid/prototype_512x512_grey1.png
  artifactKey: Guid(dd29f35641da38647a1eeb1028211f1a) Importer(2089858483,934ff659095e30574adcf32a4c2f97b5)
Start importing Assets/ModularFirstPersonController/DemoScene/Gridbox Prototype Materials/Resources/Textures/Prototype Grid/prototype_512x512_grey1.png using Guid(dd29f35641da38647a1eeb1028211f1a) Importer(2089858483,934ff659095e30574adcf32a4c2f97b5)  -> (artifact id: '93d4d7c9ca2033372e24165ab89a41f5') in 0.010334 seconds 
========================================================================
Received Import Request.
  Time since last request: 0.000288 seconds.
  path: Assets/ModularFirstPersonController/DemoScene/Gridbox Prototype Materials/Resources/Materials/Prototype Grid/Prototype_512x512_Grey4.mat
  artifactKey: Guid(8d530ffe6c4968843806085897955b9d) Importer(2089858483,934ff659095e30574adcf32a4c2f97b5)
Start importing Assets/ModularFirstPersonController/DemoScene/Gridbox Prototype Materials/Resources/Materials/Prototype Grid/Prototype_512x512_Grey4.mat using Guid(8d530ffe6c4968843806085897955b9d) Importer(2089858483,934ff659095e30574adcf32a4c2f97b5)  -> (artifact id: '10cc68e741843362feab41d8a0ef4afd') in 0.011217 seconds 
========================================================================
Received Import Request.
  Time since last request: 0.000192 seconds.
  path: Assets/ModularFirstPersonController/DemoScene/Gridbox Prototype Materials/Resources/Materials/Prototype Grid/Prototype_512x512_Purple.mat
  artifactKey: Guid(36bce9ab6cae8ce43962938466458044) Importer(2089858483,934ff659095e30574adcf32a4c2f97b5)
Start importing Assets/ModularFirstPersonController/DemoScene/Gridbox Prototype Materials/Resources/Materials/Prototype Grid/Prototype_512x512_Purple.mat using Guid(36bce9ab6cae8ce43962938466458044) Importer(2089858483,934ff659095e30574adcf32a4c2f97b5)  -> (artifact id: 'bd9d48d5da61116b2399a70a1835e84b') in 0.010894 seconds 
========================================================================
Received Import Request.
  Time since last request: 0.000261 seconds.
  path: Assets/ModularFirstPersonController/DemoScene/Gridbox Prototype Materials/Resources/Textures/Prototype Grid/prototype_512x512_grey4.png
  artifactKey: Guid(ed0c2c8a99e92e14ba740ac8aa428288) Importer(2089858483,934ff659095e30574adcf32a4c2f97b5)
Start importing Assets/ModularFirstPersonController/DemoScene/Gridbox Prototype Materials/Resources/Textures/Prototype Grid/prototype_512x512_grey4.png using Guid(ed0c2c8a99e92e14ba740ac8aa428288) Importer(2089858483,934ff659095e30574adcf32a4c2f97b5)  -> (artifact id: 'cd75d23b2c14a3d5ad62ad6c40e72651') in 0.011232 seconds 
========================================================================
Received Import Request.
  Time since last request: 0.000283 seconds.
  path: Assets/ModularFirstPersonController/DemoScene/Gridbox Prototype Materials/Resources/Textures/Prototype Grid/prototype_512x512_green2.png
  artifactKey: Guid(382df89af99b9f2459dd19206e68a63d) Importer(2089858483,934ff659095e30574adcf32a4c2f97b5)
Start importing Assets/ModularFirstPersonController/DemoScene/Gridbox Prototype Materials/Resources/Textures/Prototype Grid/prototype_512x512_green2.png using Guid(382df89af99b9f2459dd19206e68a63d) Importer(2089858483,934ff659095e30574adcf32a4c2f97b5)  -> (artifact id: 'dd083884afb991df0bffd3e78343309d') in 0.011629 seconds 
========================================================================
Received Import Request.
  Time since last request: 0.000231 seconds.
  path: Assets/ModularFirstPersonController/FirstPersonController/FirstPersonController.cs
  artifactKey: Guid(d90ba6530d9bfda47abb4610956b2f44) Importer(2089858483,934ff659095e30574adcf32a4c2f97b5)
Start importing Assets/ModularFirstPersonController/FirstPersonController/FirstPersonController.cs using Guid(d90ba6530d9bfda47abb4610956b2f44) Importer(2089858483,934ff659095e30574adcf32a4c2f97b5)  -> (artifact id: '7f996c88109b95950c43bf944cd262a8') in 0.010114 seconds 
========================================================================
Received Import Request.
  Time since last request: 0.000249 seconds.
  path: Assets/ModularFirstPersonController/DemoScene/Gridbox Prototype Materials/Resources/Materials/Prototype Grid/Prototype_512x512_Grey1.mat
  artifactKey: Guid(c181c23a6120fbe4aadd5bb53a58dd78) Importer(2089858483,934ff659095e30574adcf32a4c2f97b5)
Start importing Assets/ModularFirstPersonController/DemoScene/Gridbox Prototype Materials/Resources/Materials/Prototype Grid/Prototype_512x512_Grey1.mat using Guid(c181c23a6120fbe4aadd5bb53a58dd78) Importer(2089858483,934ff659095e30574adcf32a4c2f97b5)  -> (artifact id: '600114e99ad311fded644e5f9bcc2825') in 0.010732 seconds 
========================================================================
Received Import Request.
  Time since last request: 0.000225 seconds.
  path: Assets/ModularFirstPersonController/DemoScene/Gridbox Prototype Materials/Resources/Textures/Prototype Grid/prototype_512x512_green1.png
  artifactKey: Guid(4967dfcee94bddd4ba1430cb6fa1f304) Importer(2089858483,934ff659095e30574adcf32a4c2f97b5)
Start importing Assets/ModularFirstPersonController/DemoScene/Gridbox Prototype Materials/Resources/Textures/Prototype Grid/prototype_512x512_green1.png using Guid(4967dfcee94bddd4ba1430cb6fa1f304) Importer(2089858483,934ff659095e30574adcf32a4c2f97b5)  -> (artifact id: 'faee61086d95261180b7f0f23c304283') in 0.010904 seconds 
========================================================================
Received Import Request.
  Time since last request: 0.000185 seconds.
  path: Assets/Scenes/SampleScene.unity
  artifactKey: Guid(9fc0d4010bbf28b4594072e72b8655ab) Importer(2089858483,934ff659095e30574adcf32a4c2f97b5)
Start importing Assets/Scenes/SampleScene.unity using Guid(9fc0d4010bbf28b4594072e72b8655ab) Importer(2089858483,934ff659095e30574adcf32a4c2f97b5)  -> (artifact id: '41c9456c651031e61df8820cf54ef65f') in 0.010197 seconds 
========================================================================
Received Import Request.
  Time since last request: 0.000223 seconds.
  path: Assets/ModularFirstPersonController/DemoScene/Gridbox Prototype Materials/Resources/Materials/Prototype Grid/Prototype_512x512_Brown.mat
  artifactKey: Guid(a54b7ad866d3a9b47bbf3b53baa0acc4) Importer(2089858483,934ff659095e30574adcf32a4c2f97b5)
Start importing Assets/ModularFirstPersonController/DemoScene/Gridbox Prototype Materials/Resources/Materials/Prototype Grid/Prototype_512x512_Brown.mat using Guid(a54b7ad866d3a9b47bbf3b53baa0acc4) Importer(2089858483,934ff659095e30574adcf32a4c2f97b5)  -> (artifact id: '04fe03d37d44f2fbb5004fb57890c73f') in 0.010280 seconds 
========================================================================
Received Import Request.
  Time since last request: 0.000221 seconds.
  path: Assets/ModularFirstPersonController/DemoScene/Gridbox Prototype Materials/Resources/Materials/Prototype Grid/Prototype_512x512_Orange.mat
  artifactKey: Guid(652107f36a28e44479c0b827dee5852a) Importer(2089858483,934ff659095e30574adcf32a4c2f97b5)
Start importing Assets/ModularFirstPersonController/DemoScene/Gridbox Prototype Materials/Resources/Materials/Prototype Grid/Prototype_512x512_Orange.mat using Guid(652107f36a28e44479c0b827dee5852a) Importer(2089858483,934ff659095e30574adcf32a4c2f97b5)  -> (artifact id: '757fa1e61df464d4f0368153d8bf6527') in 0.010650 seconds 
========================================================================
Received Import Request.
  Time since last request: 0.000251 seconds.
  path: Assets/ModularFirstPersonController/DemoScene/Gridbox Prototype Materials/Resources/ProBuilder Data/Prototype Materials.asset
  artifactKey: Guid(bf95d34ab83b5ac40911f9e77a91a236) Importer(2089858483,934ff659095e30574adcf32a4c2f97b5)
Start importing Assets/ModularFirstPersonController/DemoScene/Gridbox Prototype Materials/Resources/ProBuilder Data/Prototype Materials.asset using Guid(bf95d34ab83b5ac40911f9e77a91a236) Importer(2089858483,934ff659095e30574adcf32a4c2f97b5)  -> (artifact id: '361d29ded6a9fb89a840e09a6548ebf3') in 0.011214 seconds 
========================================================================
Received Import Request.
  Time since last request: 0.000252 seconds.
  path: Assets/ModularFirstPersonController/DemoScene/Gridbox Prototype Materials/Resources/Textures/Prototype Grid/prototype_512x512_white.png
  artifactKey: Guid(9397418d1d7b12543bf27fb61b93bbea) Importer(2089858483,934ff659095e30574adcf32a4c2f97b5)
Start importing Assets/ModularFirstPersonController/DemoScene/Gridbox Prototype Materials/Resources/Textures/Prototype Grid/prototype_512x512_white.png using Guid(9397418d1d7b12543bf27fb61b93bbea) Importer(2089858483,934ff659095e30574adcf32a4c2f97b5)  -> (artifact id: '0c8f0bf55c427ad5da184f8cc55b5628') in 0.009823 seconds 
========================================================================
Received Import Request.
  Time since last request: 0.000285 seconds.
  path: Assets/ModularFirstPersonController/DemoScene/Gridbox Prototype Materials/Resources/Textures/Prototype Grid/prototype_512x512_grey2.png
  artifactKey: Guid(37920ac3813690349a856bbe19a86e2b) Importer(2089858483,934ff659095e30574adcf32a4c2f97b5)
Start importing Assets/ModularFirstPersonController/DemoScene/Gridbox Prototype Materials/Resources/Textures/Prototype Grid/prototype_512x512_grey2.png using Guid(37920ac3813690349a856bbe19a86e2b) Importer(2089858483,934ff659095e30574adcf32a4c2f97b5)  -> (artifact id: 'c558923062761ebe0fc92ef2fd5f22d0') in 0.010568 seconds 
========================================================================
Received Import Request.
  Time since last request: 0.000252 seconds.
  path: Assets/ModularFirstPersonController/DemoScene/Gridbox Prototype Materials/Resources/Textures/Prototype Grid/prototype_512x512_yellow.png
  artifactKey: Guid(ee12d2bc9f5c8554d97d5beb9dc4b275) Importer(2089858483,934ff659095e30574adcf32a4c2f97b5)
Start importing Assets/ModularFirstPersonController/DemoScene/Gridbox Prototype Materials/Resources/Textures/Prototype Grid/prototype_512x512_yellow.png using Guid(ee12d2bc9f5c8554d97d5beb9dc4b275) Importer(2089858483,934ff659095e30574adcf32a4c2f97b5)  -> (artifact id: '05b85ad792028f23dd4be707060460f1') in 0.010859 seconds 
========================================================================
Received Import Request.
  Time since last request: 0.000235 seconds.
  path: Assets/ModularFirstPersonController/DemoScene/Gridbox Prototype Materials/Resources/Materials/Prototype Grid/Prototype_512x512_White.mat
  artifactKey: Guid(aeee7071bea0a4c478b4fea5933c5f79) Importer(2089858483,934ff659095e30574adcf32a4c2f97b5)
Start importing Assets/ModularFirstPersonController/DemoScene/Gridbox Prototype Materials/Resources/Materials/Prototype Grid/Prototype_512x512_White.mat using Guid(aeee7071bea0a4c478b4fea5933c5f79) Importer(2089858483,934ff659095e30574adcf32a4c2f97b5)  -> (artifact id: '1bb4a40154cf80c0eaf8785a7d2fe5a6') in 0.010016 seconds 
========================================================================
Received Import Request.
  Time since last request: 0.000237 seconds.
  path: Assets/ModularFirstPersonController/DemoScene/Gridbox Prototype Materials/Resources/Materials/Prototype Grid/Prototype_512x512_Grey3.mat
  artifactKey: Guid(17c44fb3e5be9644586a0728a5f5a386) Importer(2089858483,934ff659095e30574adcf32a4c2f97b5)
Start importing Assets/ModularFirstPersonController/DemoScene/Gridbox Prototype Materials/Resources/Materials/Prototype Grid/Prototype_512x512_Grey3.mat using Guid(17c44fb3e5be9644586a0728a5f5a386) Importer(2089858483,934ff659095e30574adcf32a4c2f97b5)  -> (artifact id: '4fabb7b0ede010d6bd1619f2434372a8') in 0.010058 seconds 
========================================================================
Received Import Request.
  Time since last request: 0.000294 seconds.
  path: Assets/ModularFirstPersonController/DemoScene/Gridbox Prototype Materials/Resources/Materials/Prototype Grid/Prototype_512x512_Yellow.mat
  artifactKey: Guid(c852af001dae0064e9acaa832f1dadb7) Importer(2089858483,934ff659095e30574adcf32a4c2f97b5)
Start importing Assets/ModularFirstPersonController/DemoScene/Gridbox Prototype Materials/Resources/Materials/Prototype Grid/Prototype_512x512_Yellow.mat using Guid(c852af001dae0064e9acaa832f1dadb7) Importer(2089858483,934ff659095e30574adcf32a4c2f97b5)  -> (artifact id: '853a59498327232088b0a6dd50fcaf0f') in 0.010771 seconds 
========================================================================
Received Import Request.
  Time since last request: 0.000216 seconds.
  path: Assets/ModularFirstPersonController/FirstPersonController/CircleReticle.png
  artifactKey: Guid(be4ce60e2c9768c44b9b10b9c5258045) Importer(2089858483,934ff659095e30574adcf32a4c2f97b5)
Start importing Assets/ModularFirstPersonController/FirstPersonController/CircleReticle.png using Guid(be4ce60e2c9768c44b9b10b9c5258045) Importer(2089858483,934ff659095e30574adcf32a4c2f97b5)  -> (artifact id: '9d6136c7210a57e50f7a1af6c38febe7') in 0.020429 seconds 
========================================================================
Received Import Request.
  Time since last request: 0.000233 seconds.
  path: Assets/ModularFirstPersonController/DemoScene/Gridbox Prototype Materials/Resources/Materials/Prototype Grid/Prototype_512x512_Green2.mat
  artifactKey: Guid(dbe80190c9adea34c8c8845ca4a17934) Importer(2089858483,934ff659095e30574adcf32a4c2f97b5)
Start importing Assets/ModularFirstPersonController/DemoScene/Gridbox Prototype Materials/Resources/Materials/Prototype Grid/Prototype_512x512_Green2.mat using Guid(dbe80190c9adea34c8c8845ca4a17934) Importer(2089858483,934ff659095e30574adcf32a4c2f97b5)  -> (artifact id: '7e75cd91e42ec052ed0d7f5d0268d825') in 0.010242 seconds 
========================================================================
Received Import Request.
  Time since last request: 0.000215 seconds.
  path: Assets/ModularFirstPersonController/DemoScene/Gridbox Prototype Materials/Resources/Textures/Prototype Grid/prototype_512x512_orange.png
  artifactKey: Guid(fe3e0a556829be24bb87c912d79e872d) Importer(2089858483,934ff659095e30574adcf32a4c2f97b5)
Start importing Assets/ModularFirstPersonController/DemoScene/Gridbox Prototype Materials/Resources/Textures/Prototype Grid/prototype_512x512_orange.png using Guid(fe3e0a556829be24bb87c912d79e872d) Importer(2089858483,934ff659095e30574adcf32a4c2f97b5)  -> (artifact id: 'fac209bddc87e0a1ef3cc2f5bda802a2') in 0.009569 seconds 
========================================================================
Received Import Request.
  Time since last request: 0.000239 seconds.
  path: Assets/ModularFirstPersonController/DemoScene/Gridbox Prototype Materials/Resources/Textures/Prototype Grid/prototype_512x512_grey3.png
  artifactKey: Guid(d9c0dd5cdac07b145be73329e489869a) Importer(2089858483,934ff659095e30574adcf32a4c2f97b5)
Start importing Assets/ModularFirstPersonController/DemoScene/Gridbox Prototype Materials/Resources/Textures/Prototype Grid/prototype_512x512_grey3.png using Guid(d9c0dd5cdac07b145be73329e489869a) Importer(2089858483,934ff659095e30574adcf32a4c2f97b5)  -> (artifact id: 'bfc2d646ca276e99f1886c8921879c68') in 0.011092 seconds 
========================================================================
Received Import Request.
  Time since last request: 0.000201 seconds.
  path: Assets/ModularFirstPersonController/DemoScene/Gridbox Prototype Materials/Resources/Materials/Prototype Grid/Prototype_512x512_Green1.mat
  artifactKey: Guid(79f64ed6f5d6d374d91c3a0af4070258) Importer(2089858483,934ff659095e30574adcf32a4c2f97b5)
Start importing Assets/ModularFirstPersonController/DemoScene/Gridbox Prototype Materials/Resources/Materials/Prototype Grid/Prototype_512x512_Green1.mat using Guid(79f64ed6f5d6d374d91c3a0af4070258) Importer(2089858483,934ff659095e30574adcf32a4c2f97b5)  -> (artifact id: '3059e8e59316d446f0eecddf8b9c83ab') in 0.010308 seconds 
========================================================================
Received Import Request.
  Time since last request: 0.000297 seconds.
  path: Assets/ModularFirstPersonController/DemoScene/Gridbox Prototype Materials/Resources/Textures/Prototype Grid/prototype_512x512_blue3.png
  artifactKey: Guid(b6fc60785b6a795478135ce6f7712c5a) Importer(2089858483,934ff659095e30574adcf32a4c2f97b5)
Start importing Assets/ModularFirstPersonController/DemoScene/Gridbox Prototype Materials/Resources/Textures/Prototype Grid/prototype_512x512_blue3.png using Guid(b6fc60785b6a795478135ce6f7712c5a) Importer(2089858483,934ff659095e30574adcf32a4c2f97b5)  -> (artifact id: 'dbbe761ca30c14b4a51841e364c8702a') in 0.010743 seconds 
========================================================================
Received Import Request.
  Time since last request: 0.000205 seconds.
  path: Assets/First.unity
  artifactKey: Guid(3a03f5555c3037c41bf55a742f8f0a66) Importer(2089858483,934ff659095e30574adcf32a4c2f97b5)
Start importing Assets/First.unity using Guid(3a03f5555c3037c41bf55a742f8f0a66) Importer(2089858483,934ff659095e30574adcf32a4c2f97b5)  -> (artifact id: '95f42463e07da3fc025c08c1a0cff82c') in 0.009004 seconds 
========================================================================
Received Import Request.
  Time since last request: 84.138299 seconds.
  path: Assets/ModularFirstPersonController/DemoScene/Gridbox Prototype Materials/Resources/ProBuilder Data/Default Material Palette.asset
  artifactKey: Guid(a9e05108d5e4ece4c92fa554b795d0ae) Importer(2089858483,934ff659095e30574adcf32a4c2f97b5)
Start importing Assets/ModularFirstPersonController/DemoScene/Gridbox Prototype Materials/Resources/ProBuilder Data/Default Material Palette.asset using Guid(a9e05108d5e4ece4c92fa554b795d0ae) Importer(2089858483,934ff659095e30574adcf32a4c2f97b5)  -> (artifact id: '97a93d10828dce27f3bb37787d8846b8') in 0.010805 seconds 
========================================================================
Received Import Request.
  Time since last request: 1282.857262 seconds.
  path: Assets/ModularFirstPersonController/DemoScene/Gridbox Prototype Materials/Resources/ProBuilder DataDefault Color Palette.asset
  artifactKey: Guid(eead005ad5839f5458434042f8c74378) Importer(2089858483,934ff659095e30574adcf32a4c2f97b5)
Start importing Assets/ModularFirstPersonController/DemoScene/Gridbox Prototype Materials/Resources/ProBuilder DataDefault Color Palette.asset using Guid(eead005ad5839f5458434042f8c74378) Importer(2089858483,934ff659095e30574adcf32a4c2f97b5)  -> (artifact id: '58e82413b956340ca66cae66ca05f3e3') in 0.011608 seconds 
========================================================================
Received Import Request.
  Time since last request: 1071.785050 seconds.
  path: Assets/Textures
  artifactKey: Guid(9706818ac65558f48bf6a11587a9d4cd) Importer(2089858483,934ff659095e30574adcf32a4c2f97b5)
Start importing Assets/Textures using Guid(9706818ac65558f48bf6a11587a9d4cd) Importer(2089858483,934ff659095e30574adcf32a4c2f97b5)  -> (artifact id: '5cdc3e4f41000abe6c70fd04758348c9') in 0.008998 seconds 
========================================================================
Received Import Request.
  Time since last request: 2.241811 seconds.
  path: Assets/Textures/20220218_105939.jpg
  artifactKey: Guid(4c996c45e03ad864680aebdc7a8a9d16) Importer(815301076,1909f56bfc062723c751e8b465ee728b)
Start importing Assets/Textures/20220218_105939.jpg using Guid(4c996c45e03ad864680aebdc7a8a9d16) Importer(815301076,1909f56bfc062723c751e8b465ee728b)  -> (artifact id: 'f4a6cd7c6cf5ff4adf9c6f42787d9c1f') in 0.049809 seconds 
========================================================================
Received Import Request.
  Time since last request: 0.916812 seconds.
  path: Assets/Textures/20220218_105939.jpg
  artifactKey: Guid(4c996c45e03ad864680aebdc7a8a9d16) Importer(2089858483,934ff659095e30574adcf32a4c2f97b5)
Start importing Assets/Textures/20220218_105939.jpg using Guid(4c996c45e03ad864680aebdc7a8a9d16) Importer(2089858483,934ff659095e30574adcf32a4c2f97b5)  -> (artifact id: '01f44d26237e68a559194e837241c4d2') in 0.009313 seconds 
========================================================================
Received Import Request.
  Time since last request: 10.477515 seconds.
  path: Assets/Materials
  artifactKey: Guid(152eed72e4d39174e92b4f1dc68f6011) Importer(2089858483,934ff659095e30574adcf32a4c2f97b5)
Start importing Assets/Materials using Guid(152eed72e4d39174e92b4f1dc68f6011) Importer(2089858483,934ff659095e30574adcf32a4c2f97b5)  -> (artifact id: '155f4afa92a39cc86d4ca7d9e27b4546') in 0.009042 seconds 
========================================================================
Received Import Request.
  Time since last request: 9.911120 seconds.
  path: Assets/Materials/GroundTexture.mat
  artifactKey: Guid(dd1faac6b73e70d42949ea03941aa834) Importer(815301076,1909f56bfc062723c751e8b465ee728b)
Start importing Assets/Materials/GroundTexture.mat using Guid(dd1faac6b73e70d42949ea03941aa834) Importer(815301076,1909f56bfc062723c751e8b465ee728b)  -> (artifact id: '7a0cfb67c20f1e9ae4ff5b8c66888ab6') in 0.052482 seconds 
========================================================================
Received Import Request.
  Time since last request: 0.919741 seconds.
  path: Assets/Materials/GroundTexture.mat
  artifactKey: Guid(dd1faac6b73e70d42949ea03941aa834) Importer(2089858483,934ff659095e30574adcf32a4c2f97b5)
Start importing Assets/Materials/GroundTexture.mat using Guid(dd1faac6b73e70d42949ea03941aa834) Importer(2089858483,934ff659095e30574adcf32a4c2f97b5)  -> (artifact id: '6d4ef8fbf667ab220fefdd09b1526b9d') in 0.010219 seconds 
========================================================================
Received Import Request.
  Time since last request: 180.342331 seconds.
  path: Assets/Materials
  artifactKey: Guid(152eed72e4d39174e92b4f1dc68f6011) Importer(815301076,1909f56bfc062723c751e8b465ee728b)
Start importing Assets/Materials using Guid(152eed72e4d39174e92b4f1dc68f6011) Importer(815301076,1909f56bfc062723c751e8b465ee728b)  -> (artifact id: '03ef907cbeea1922bba855c163360893') in 0.007121 seconds 
========================================================================
Received Import Request.
  Time since last request: 339.908375 seconds.
  path: Assets/Materials/GroundTexture.mat
  artifactKey: Guid(dd1faac6b73e70d42949ea03941aa834) Importer(815301076,1909f56bfc062723c751e8b465ee728b)
Start importing Assets/Materials/GroundTexture.mat using Guid(dd1faac6b73e70d42949ea03941aa834) Importer(815301076,1909f56bfc062723c751e8b465ee728b)  -> (artifact id: 'f0e55a2340aae48ae993f306fbe74cc1') in 0.024530 seconds 
========================================================================
Received Import Request.
  Time since last request: 0.919872 seconds.
  path: Assets/Materials/GroundTexture.mat
  artifactKey: Guid(dd1faac6b73e70d42949ea03941aa834) Importer(2089858483,934ff659095e30574adcf32a4c2f97b5)
Start importing Assets/Materials/GroundTexture.mat using Guid(dd1faac6b73e70d42949ea03941aa834) Importer(2089858483,934ff659095e30574adcf32a4c2f97b5)  -> (artifact id: '1a1908dc796527922a20393ee61153f6') in 0.007824 seconds 
========================================================================
Received Import Request.
  Time since last request: 0.000276 seconds.
  path: Assets/First.unity
  artifactKey: Guid(3a03f5555c3037c41bf55a742f8f0a66) Importer(2089858483,934ff659095e30574adcf32a4c2f97b5)
Start importing Assets/First.unity using Guid(3a03f5555c3037c41bf55a742f8f0a66) Importer(2089858483,934ff659095e30574adcf32a4c2f97b5)  -> (artifact id: '10cace37a0edc7ce6fb65b0b69354dc0') in 0.009341 seconds 
========================================================================
Received Import Request.
  Time since last request: 82.858425 seconds.
  path: Assets
  artifactKey: Guid(00000000000000001000000000000000) Importer(815301076,1909f56bfc062723c751e8b465ee728b)
Start importing Assets using Guid(00000000000000001000000000000000) Importer(815301076,1909f56bfc062723c751e8b465ee728b)  -> (artifact id: '42d402b061de3733987d63b9cc3b64de') in 0.007819 seconds 
========================================================================
Received Import Request.
  Time since last request: 3.062576 seconds.
  path: Assets/Fbx
  artifactKey: Guid(da57b27a5c5f25c4a8144e6538af5a62) Importer(815301076,1909f56bfc062723c751e8b465ee728b)
Start importing Assets/Fbx using Guid(da57b27a5c5f25c4a8144e6538af5a62) Importer(815301076,1909f56bfc062723c751e8b465ee728b)  -> (artifact id: '3d2faefd8d4fc9aaa69d40acd1c51cfc') in 0.006578 seconds 
========================================================================
Received Import Request.
  Time since last request: 0.990807 seconds.
  path: Assets/Fbx
  artifactKey: Guid(da57b27a5c5f25c4a8144e6538af5a62) Importer(2089858483,934ff659095e30574adcf32a4c2f97b5)
Start importing Assets/Fbx using Guid(da57b27a5c5f25c4a8144e6538af5a62) Importer(2089858483,934ff659095e30574adcf32a4c2f97b5)  -> (artifact id: 'a0e486969c61dfd7c779703fcb1e3f0c') in 0.008129 seconds 
========================================================================
Received Import Request.
  Time since last request: 4.491389 seconds.
  path: Assets/Fbx/bloackout.fbx
  artifactKey: Guid(ed9c20964909b2247b452567824850ee) Importer(815301076,1909f56bfc062723c751e8b465ee728b)
Start importing Assets/Fbx/bloackout.fbx using Guid(ed9c20964909b2247b452567824850ee) Importer(815301076,1909f56bfc062723c751e8b465ee728b)  -> (artifact id: 'eb14caf21c2f3120e45916e9f2ecb93a') in 0.086509 seconds 
========================================================================
Received Import Request.
  Time since last request: 0.960429 seconds.
  path: Assets/Fbx/bloackout.fbx
  artifactKey: Guid(ed9c20964909b2247b452567824850ee) Importer(2089858483,934ff659095e30574adcf32a4c2f97b5)
Start importing Assets/Fbx/bloackout.fbx using Guid(ed9c20964909b2247b452567824850ee) Importer(2089858483,934ff659095e30574adcf32a4c2f97b5)  -> (artifact id: '60be53452336b648e1bf34592e5f3c09') in 0.016451 seconds 
========================================================================
Received Prepare
Registering precompiled user dll's ...
Registered in 0.003744 seconds.
Begin MonoManager ReloadAssembly
Symbol file LoadedFromMemory doesn't match image U:\Github\LevelDesignBlockOut\LevelDesignBlockout\Library\PackageCache\com.unity.visualscripting@1.6.1\Editor\VisualScripting.Core\Dependencies\YamlDotNet\Unity.VisualScripting.YamlDotNet.dll
Symbol file LoadedFromMemory doesn't match image U:\Github\LevelDesignBlockOut\LevelDesignBlockout\Library\PackageCache\com.unity.visualscripting@1.6.1\Editor\VisualScripting.Core\Dependencies\DotNetZip\Unity.VisualScripting.IonicZip.dll
Native extension for WindowsStandalone target not found
Refreshing native plugins compatible for Editor in 0.58 ms, found 3 plugins.
Preloading 0 native plugins for Editor in 0.00 ms.
Mono: successfully reloaded assembly
- Completed reload, in  0.973 seconds
Domain Reload Profiling:
	ReloadAssembly (974ms)
		BeginReloadAssembly (126ms)
			ExecutionOrderSort (0ms)
			DisableScriptedObjects (4ms)
			BackupInstance (0ms)
			ReleaseScriptingObjects (0ms)
			CreateAndSetChildDomain (38ms)
		EndReloadAssembly (796ms)
			LoadAssemblies (93ms)
			RebuildTransferFunctionScriptingTraits (0ms)
			SetupTypeCache (317ms)
			ReleaseScriptCaches (1ms)
			RebuildScriptCaches (39ms)
			SetupLoadedEditorAssemblies (263ms)
				LogAssemblyErrors (0ms)
				InitializePlatformSupportModulesInManaged (4ms)
				SetLoadedEditorAssemblies (0ms)
				RefreshPlugins (1ms)
				BeforeProcessingInitializeOnLoad (45ms)
				ProcessInitializeOnLoadAttributes (207ms)
				ProcessInitializeOnLoadMethodAttributes (4ms)
				AfterProcessingInitializeOnLoad (2ms)
				EditorAssembliesLoaded (0ms)
			ExecutionOrderSort2 (0ms)
			AwakeInstancesAfterBackupRestoration (12ms)
Platform modules already initialized, skipping
Refreshing native plugins compatible for Editor in 0.61 ms, found 3 plugins.
Preloading 0 native plugins for Editor in 0.00 ms.
Unloading 3314 Unused Serialized files (Serialized files now loaded: 0)
System memory in use before: 127.7 MB.
System memory in use after: 127.9 MB.

Unloading 16 unused Assets to reduce memory usage. Loaded Objects now: 3848.
Total: 3.325800 ms (FindLiveObjects: 0.303000 ms CreateObjectMapping: 0.213500 ms MarkObjects: 2.754600 ms  DeleteObjects: 0.053700 ms)

AssetImportParameters requested are different than current active one (requested -> active):
  custom:framework-win-MediaFoundation: 216162199b28c13a410421893ffa2e32 -> 
  custom:video-decoder-ogg-theora: a1e56fd34408186e4bbccfd4996cb3dc -> 
  custom:container-muxer-webm: aa71ff27fc2769a1b78a27578f13a17b -> 
  custom:container-demuxer-webm: 4f35f7cbe854078d1ac9338744f61a02 -> 
  custom:container-demuxer-ogg: 62fdf1f143b41e24485cea50d1cbac27 -> 
  custom:video-encoder-webm-vp8: eb34c28f22e8b96e1ab97ce403110664 -> 
  custom:video-decoder-webm-vp8: 9c59270c3fd7afecdb556c50c9e8de78 -> 
  custom:audio-decoder-ogg-vorbis: bf7c407c2cedff20999df2af8eb42d56 -> 
  custom:audio-encoder-webm-vorbis: bf7c407c2cedff20999df2af8eb42d56 -> 
========================================================================
Received Prepare
Registering precompiled user dll's ...
Registered in 0.005368 seconds.
Begin MonoManager ReloadAssembly
Symbol file LoadedFromMemory doesn't match image U:\Github\LevelDesignBlockOut\LevelDesignBlockout\Library\PackageCache\com.unity.visualscripting@1.6.1\Editor\VisualScripting.Core\Dependencies\YamlDotNet\Unity.VisualScripting.YamlDotNet.dll
Symbol file LoadedFromMemory doesn't match image U:\Github\LevelDesignBlockOut\LevelDesignBlockout\Library\PackageCache\com.unity.visualscripting@1.6.1\Editor\VisualScripting.Core\Dependencies\DotNetZip\Unity.VisualScripting.IonicZip.dll
Native extension for WindowsStandalone target not found
Refreshing native plugins compatible for Editor in 0.62 ms, found 3 plugins.
Preloading 0 native plugins for Editor in 0.00 ms.
Mono: successfully reloaded assembly
- Completed reload, in  0.996 seconds
Domain Reload Profiling:
	ReloadAssembly (997ms)
		BeginReloadAssembly (137ms)
			ExecutionOrderSort (0ms)
			DisableScriptedObjects (6ms)
			BackupInstance (0ms)
			ReleaseScriptingObjects (0ms)
			CreateAndSetChildDomain (40ms)
		EndReloadAssembly (804ms)
			LoadAssemblies (109ms)
			RebuildTransferFunctionScriptingTraits (0ms)
			SetupTypeCache (330ms)
			ReleaseScriptCaches (1ms)
			RebuildScriptCaches (41ms)
			SetupLoadedEditorAssemblies (257ms)
				LogAssemblyErrors (0ms)
				InitializePlatformSupportModulesInManaged (4ms)
				SetLoadedEditorAssemblies (1ms)
				RefreshPlugins (1ms)
				BeforeProcessingInitializeOnLoad (43ms)
				ProcessInitializeOnLoadAttributes (201ms)
				ProcessInitializeOnLoadMethodAttributes (4ms)
				AfterProcessingInitializeOnLoad (3ms)
				EditorAssembliesLoaded (0ms)
			ExecutionOrderSort2 (0ms)
			AwakeInstancesAfterBackupRestoration (10ms)
Platform modules already initialized, skipping
Refreshing native plugins compatible for Editor in 0.62 ms, found 3 plugins.
Preloading 0 native plugins for Editor in 0.00 ms.
Unloading 3313 Unused Serialized files (Serialized files now loaded: 0)
System memory in use before: 127.8 MB.
System memory in use after: 127.9 MB.

Unloading 16 unused Assets to reduce memory usage. Loaded Objects now: 3850.
Total: 3.261400 ms (FindLiveObjects: 0.309000 ms CreateObjectMapping: 0.148100 ms MarkObjects: 2.743000 ms  DeleteObjects: 0.060300 ms)

AssetImportParameters requested are different than current active one (requested -> active):
  custom:framework-win-MediaFoundation: 216162199b28c13a410421893ffa2e32 -> 
  custom:video-decoder-ogg-theora: a1e56fd34408186e4bbccfd4996cb3dc -> 
  custom:container-muxer-webm: aa71ff27fc2769a1b78a27578f13a17b -> 
  custom:container-demuxer-webm: 4f35f7cbe854078d1ac9338744f61a02 -> 
  custom:container-demuxer-ogg: 62fdf1f143b41e24485cea50d1cbac27 -> 
  custom:video-encoder-webm-vp8: eb34c28f22e8b96e1ab97ce403110664 -> 
  custom:video-decoder-webm-vp8: 9c59270c3fd7afecdb556c50c9e8de78 -> 
  custom:audio-decoder-ogg-vorbis: bf7c407c2cedff20999df2af8eb42d56 -> 
  custom:audio-encoder-webm-vorbis: bf7c407c2cedff20999df2af8eb42d56 -> 
AssetImportWorkerClient::OnTransportError - code=2 error=End of file
